<?xml version="1.0" encoding="UTF-8"?>
<!-- Generated by org.testng.reporters.JUnitReportReporter -->
<testsuite hostname="W7LPF0ZCK6L" name="com.test.testingJava.Day1" tests="2" failures="0" timestamp="27 Sep 2018 01:29:15 GMT" time="0.020" errors="0">
  <testcase name="hellname" time="0.003" classname="com.test.testingJava.Day1"/>
  <testcase name="backAround" time="0.017" classname="com.test.testingJava.Day1"/>
</testsuite> <!-- com.test.testingJava.Day1 -->
